# JRE version: OpenJDK Runtime Environment (8.0_212-b01) (build 1.8.0_212-8u212-b01-1-b01)
# Java VM: OpenJDK 64-Bit Server VM (25.212-b01 mixed mode linux-amd64 compressed oops)
Heap:
 PSYoungGen      total 1299968K, used 1147598K [0x000000076d600000, 0x00000007c0000000, 0x00000007c0000000)
  eden space 1269760K, 88% used [0x000000076d600000,0x00000007b1933a58,0x00000007bae00000)
  from space 30208K, 100% used [0x00000007be280000,0x00000007c0000000,0x00000007c0000000)
  to   space 41984K, 0% used [0x00000007bae00000,0x00000007bae00000,0x00000007bd700000)
 ParOldGen       total 160768K, used 52909K [0x00000006c8200000, 0x00000006d1f00000, 0x000000076d600000)
  object space 160768K, 32% used [0x00000006c8200000,0x00000006cb5ab5d0,0x00000006d1f00000)
 Metaspace       used 44161K, capacity 46167K, committed 46464K, reserved 1091584K
  class space    used 4539K, capacity 4895K, committed 4992K, reserved 1048576K
GC Heap History (10 events):
Event: 28,239 GC heap before
{Heap before GC invocations=53 (full 3):
 PSYoungGen      total 1315840K, used 1284160K [0x000000076d600000, 0x00000007bfe80000, 0x00000007c0000000)
  eden space 1282048K, 100% used [0x000000076d600000,0x00000007bba00000,0x00000007bba00000)
  from space 33792K, 6% used [0x00000007bba00000,0x00000007bbc10000,0x00000007bdb00000)
  to   space 32256K, 0% used [0x00000007bdf00000,0x00000007bdf00000,0x00000007bfe80000)
 ParOldGen       total 160768K, used 37357K [0x00000006c8200000, 0x00000006d1f00000, 0x000000076d600000)
  object space 160768K, 23% used [0x00000006c8200000,0x00000006ca67b5d0,0x00000006d1f00000)
 Metaspace       used 43980K, capacity 46011K, committed 46208K, reserved 1091584K
  class space    used 4532K, capacity 4889K, committed 4992K, reserved 1048576K
Event: 28,243 GC heap after
Heap after GC invocations=53 (full 3):
 PSYoungGen      total 1316864K, used 2880K [0x000000076d600000, 0x00000007bfb80000, 0x00000007c0000000)
  eden space 1287680K, 0% used [0x000000076d600000,0x000000076d600000,0x00000007bbf80000)
  from space 29184K, 9% used [0x00000007bdf00000,0x00000007be1d0000,0x00000007bfb80000)
  to   space 30720K, 0% used [0x00000007bbf80000,0x00000007bbf80000,0x00000007bdd80000)
 ParOldGen       total 160768K, used 37365K [0x00000006c8200000, 0x00000006d1f00000, 0x000000076d600000)
  object space 160768K, 23% used [0x00000006c8200000,0x00000006ca67d5d0,0x00000006d1f00000)
 Metaspace       used 43980K, capacity 46011K, committed 46208K, reserved 1091584K
  class space    used 4532K, capacity 4889K, committed 4992K, reserved 1048576K
}
Event: 29,242 GC heap before
{Heap before GC invocations=54 (full 3):
 PSYoungGen      total 1316864K, used 1290560K [0x000000076d600000, 0x00000007bfb80000, 0x00000007c0000000)
  eden space 1287680K, 100% used [0x000000076d600000,0x00000007bbf80000,0x00000007bbf80000)
  from space 29184K, 9% used [0x00000007bdf00000,0x00000007be1d0000,0x00000007bfb80000)
  to   space 30720K, 0% used [0x00000007bbf80000,0x00000007bbf80000,0x00000007bdd80000)
 ParOldGen       total 160768K, used 37365K [0x00000006c8200000, 0x00000006d1f00000, 0x000000076d600000)
  object space 160768K, 23% used [0x00000006c8200000,0x00000006ca67d5d0,0x00000006d1f00000)
 Metaspace       used 44004K, capacity 46011K, committed 46208K, reserved 1091584K
  class space    used 4532K, capacity 4889K, committed 4992K, reserved 1048576K
Event: 29,246 GC heap after
Heap after GC invocations=54 (full 3):
 PSYoungGen      total 1318400K, used 3520K [0x000000076d600000, 0x00000007bfe80000, 0x00000007c0000000)
  eden space 1287680K, 0% used [0x000000076d600000,0x000000076d600000,0x00000007bbf80000)
  from space 30720K, 11% used [0x00000007bbf80000,0x00000007bc2f0000,0x00000007bdd80000)
  to   space 29184K, 0% used [0x00000007be200000,0x00000007be200000,0x00000007bfe80000)
 ParOldGen       total 160768K, used 37365K [0x00000006c8200000, 0x00000006d1f00000, 0x000000076d600000)
  object space 160768K, 23% used [0x00000006c8200000,0x00000006ca67d5d0,0x00000006d1f00000)
 Metaspace       used 44004K, capacity 46011K, committed 46208K, reserved 1091584K
  class space    used 4532K, capacity 4889K, committed 4992K, reserved 1048576K
}
Event: 29,998 GC heap before
{Heap before GC invocations=55 (full 3):
 PSYoungGen      total 1318400K, used 1291200K [0x000000076d600000, 0x00000007bfe80000, 0x00000007c0000000)
  eden space 1287680K, 100% used [0x000000076d600000,0x00000007bbf80000,0x00000007bbf80000)
  from space 30720K, 11% used [0x00000007bbf80000,0x00000007bc2f0000,0x00000007bdd80000)
  to   space 29184K, 0% used [0x00000007be200000,0x00000007be200000,0x00000007bfe80000)
 ParOldGen       total 160768K, used 37365K [0x00000006c8200000, 0x00000006d1f00000, 0x000000076d600000)
  object space 160768K, 23% used [0x00000006c8200000,0x00000006ca67d5d0,0x00000006d1f00000)
 Metaspace       used 44006K, capacity 46011K, committed 46208K, reserved 1091584K
  class space    used 4532K, capacity 4889K, committed 4992K, reserved 1048576K
Event: 30,001 GC heap after
Heap after GC invocations=55 (full 3):
 PSYoungGen      total 1319936K, used 3584K [0x000000076d600000, 0x00000007bfb80000, 0x00000007c0000000)
  eden space 1293824K, 0% used [0x000000076d600000,0x000000076d600000,0x00000007bc580000)
  from space 26112K, 13% used [0x00000007be200000,0x00000007be580000,0x00000007bfb80000)
  to   space 27648K, 0% used [0x00000007bc580000,0x00000007bc580000,0x00000007be080000)
 ParOldGen       total 160768K, used 37373K [0x00000006c8200000, 0x00000006d1f00000, 0x000000076d600000)
  object space 160768K, 23% used [0x00000006c8200000,0x00000006ca67f5d0,0x00000006d1f00000)
 Metaspace       used 44006K, capacity 46011K, committed 46208K, reserved 1091584K
  class space    used 4532K, capacity 4889K, committed 4992K, reserved 1048576K
}
Event: 30,769 GC heap before
{Heap before GC invocations=56 (full 3):
 PSYoungGen      total 1319936K, used 1297408K [0x000000076d600000, 0x00000007bfb80000, 0x00000007c0000000)
  eden space 1293824K, 100% used [0x000000076d600000,0x00000007bc580000,0x00000007bc580000)
  from space 26112K, 13% used [0x00000007be200000,0x00000007be580000,0x00000007bfb80000)
  to   space 27648K, 0% used [0x00000007bc580000,0x00000007bc580000,0x00000007be080000)
 ParOldGen       total 160768K, used 37373K [0x00000006c8200000, 0x00000006d1f00000, 0x000000076d600000)
  object space 160768K, 23% used [0x00000006c8200000,0x00000006ca67f5d0,0x00000006d1f00000)
 Metaspace       used 44008K, capacity 46011K, committed 46208K, reserved 1091584K
  class space    used 4532K, capacity 4889K, committed 4992K, reserved 1048576K
Event: 30,777 GC heap after
Heap after GC invocations=56 (full 3):
 PSYoungGen      total 1321472K, used 18816K [0x000000076d600000, 0x00000007c0000000, 0x00000007c0000000)
  eden space 1293824K, 0% used [0x000000076d600000,0x000000076d600000,0x00000007bc580000)
  from space 27648K, 68% used [0x00000007bc580000,0x00000007bd7e0000,0x00000007be080000)
  to   space 30208K, 0% used [0x00000007be280000,0x00000007be280000,0x00000007c0000000)
 ParOldGen       total 160768K, used 37373K [0x00000006c8200000, 0x00000006d1f00000, 0x000000076d600000)
  object space 160768K, 23% used [0x00000006c8200000,0x00000006ca67f5d0,0x00000006d1f00000)
 Metaspace       used 44008K, capacity 46011K, committed 46208K, reserved 1091584K
  class space    used 4532K, capacity 4889K, committed 4992K, reserved 1048576K
}
Event: 31,538 GC heap before
{Heap before GC invocations=57 (full 3):
 PSYoungGen      total 1321472K, used 1312640K [0x000000076d600000, 0x00000007c0000000, 0x00000007c0000000)
  eden space 1293824K, 100% used [0x000000076d600000,0x00000007bc580000,0x00000007bc580000)
  from space 27648K, 68% used [0x00000007bc580000,0x00000007bd7e0000,0x00000007be080000)
  to   space 30208K, 0% used [0x00000007be280000,0x00000007be280000,0x00000007c0000000)
 ParOldGen       total 160768K, used 37373K [0x00000006c8200000, 0x00000006d1f00000, 0x000000076d600000)
  object space 160768K, 23% used [0x00000006c8200000,0x00000006ca67f5d0,0x00000006d1f00000)
 Metaspace       used 44008K, capacity 46011K, committed 46208K, reserved 1091584K
  class space    used 4532K, capacity 4889K, committed 4992K, reserved 1048576K
Event: 31,554 GC heap after
Heap after GC invocations=57 (full 3):
 PSYoungGen      total 1299968K, used 30208K [0x000000076d600000, 0x00000007c0000000, 0x00000007c0000000)
  eden space 1269760K, 0% used [0x000000076d600000,0x000000076d600000,0x00000007bae00000)
  from space 30208K, 100% used [0x00000007be280000,0x00000007c0000000,0x00000007c0000000)
  to   space 41984K, 0% used [0x00000007bae00000,0x00000007bae00000,0x00000007bd700000)
 ParOldGen       total 160768K, used 52909K [0x00000006c8200000, 0x00000006d1f00000, 0x000000076d600000)
  object space 160768K, 32% used [0x00000006c8200000,0x00000006cb5ab5d0,0x00000006d1f00000)
 Metaspace       used 44008K, capacity 46011K, committed 46208K, reserved 1091584K
  class space    used 4532K, capacity 4889K, committed 4992K, reserved 1048576K
}

