# JRE version: OpenJDK Runtime Environment (8.0_212-b01) (build 1.8.0_212-8u212-b01-1-b01)
# Java VM: OpenJDK 64-Bit Server VM (25.212-b01 mixed mode linux-amd64 compressed oops)
Heap:
 PSYoungGen      total 1269760K, used 1050269K [0x000000076d600000, 0x00000007bfe80000, 0x00000007c0000000)
  eden space 1228288K, 82% used [0x000000076d600000,0x00000007aaf7b498,0x00000007b8580000)
  from space 41472K, 99% used [0x00000007b8580000,0x00000007badac360,0x00000007bae00000)
  to   space 61952K, 0% used [0x00000007bc200000,0x00000007bc200000,0x00000007bfe80000)
 ParOldGen       total 226304K, used 157327K [0x00000006c8200000, 0x00000006d5f00000, 0x000000076d600000)
  object space 226304K, 69% used [0x00000006c8200000,0x00000006d1ba3d60,0x00000006d5f00000)
 Metaspace       used 56591K, capacity 60888K, committed 60968K, reserved 1103872K
  class space    used 6378K, capacity 7168K, committed 7208K, reserved 1048576K
GC Heap History (10 events):
Event: 201,328 GC heap before
{Heap before GC invocations=328 (full 3):
 PSYoungGen      total 1293824K, used 1281353K [0x000000076d600000, 0x00000007c0000000, 0x00000007c0000000)
  eden space 1238016K, 100% used [0x000000076d600000,0x00000007b8f00000,0x00000007b8f00000)
  from space 55808K, 77% used [0x00000007bc980000,0x00000007bf3d2748,0x00000007c0000000)
  to   space 57856K, 0% used [0x00000007b8f00000,0x00000007b8f00000,0x00000007bc780000)
 ParOldGen       total 226304K, used 144154K [0x00000006c8200000, 0x00000006d5f00000, 0x000000076d600000)
  object space 226304K, 63% used [0x00000006c8200000,0x00000006d0ec69e0,0x00000006d5f00000)
 Metaspace       used 56552K, capacity 60810K, committed 60968K, reserved 1103872K
  class space    used 6378K, capacity 7167K, committed 7208K, reserved 1048576K
Event: 201,339 GC heap after
Heap after GC invocations=328 (full 3):
 PSYoungGen      total 1282048K, used 44009K [0x000000076d600000, 0x00000007c0000000, 0x00000007c0000000)
  eden space 1238016K, 0% used [0x000000076d600000,0x000000076d600000,0x00000007b8f00000)
  from space 44032K, 99% used [0x00000007b8f00000,0x00000007bb9fa748,0x00000007bba00000)
  to   space 60416K, 0% used [0x00000007bc500000,0x00000007bc500000,0x00000007c0000000)
 ParOldGen       total 226304K, used 145994K [0x00000006c8200000, 0x00000006d5f00000, 0x000000076d600000)
  object space 226304K, 64% used [0x00000006c8200000,0x00000006d10929e0,0x00000006d5f00000)
 Metaspace       used 56552K, capacity 60810K, committed 60968K, reserved 1103872K
  class space    used 6378K, capacity 7167K, committed 7208K, reserved 1048576K
}
Event: 201,671 GC heap before
{Heap before GC invocations=329 (full 3):
 PSYoungGen      total 1282048K, used 1282025K [0x000000076d600000, 0x00000007c0000000, 0x00000007c0000000)
  eden space 1238016K, 100% used [0x000000076d600000,0x00000007b8f00000,0x00000007b8f00000)
  from space 44032K, 99% used [0x00000007b8f00000,0x00000007bb9fa748,0x00000007bba00000)
  to   space 60416K, 0% used [0x00000007bc500000,0x00000007bc500000,0x00000007c0000000)
 ParOldGen       total 226304K, used 145994K [0x00000006c8200000, 0x00000006d5f00000, 0x000000076d600000)
  object space 226304K, 64% used [0x00000006c8200000,0x00000006d10929e0,0x00000006d5f00000)
 Metaspace       used 56552K, capacity 60810K, committed 60968K, reserved 1103872K
  class space    used 6378K, capacity 7167K, committed 7208K, reserved 1048576K
Event: 201,683 GC heap after
Heap after GC invocations=329 (full 3):
 PSYoungGen      total 1291264K, used 42992K [0x000000076d600000, 0x00000007c0000000, 0x00000007c0000000)
  eden space 1230848K, 0% used [0x000000076d600000,0x000000076d600000,0x00000007b8800000)
  from space 60416K, 71% used [0x00000007bc500000,0x00000007beefc360,0x00000007c0000000)
  to   space 61440K, 0% used [0x00000007b8800000,0x00000007b8800000,0x00000007bc400000)
 ParOldGen       total 226304K, used 149047K [0x00000006c8200000, 0x00000006d5f00000, 0x000000076d600000)
  object space 226304K, 65% used [0x00000006c8200000,0x00000006d138dd60,0x00000006d5f00000)
 Metaspace       used 56552K, capacity 60810K, committed 60968K, reserved 1103872K
  class space    used 6378K, capacity 7167K, committed 7208K, reserved 1048576K
}
Event: 202,220 GC heap before
{Heap before GC invocations=330 (full 3):
 PSYoungGen      total 1291264K, used 1273840K [0x000000076d600000, 0x00000007c0000000, 0x00000007c0000000)
  eden space 1230848K, 100% used [0x000000076d600000,0x00000007b8800000,0x00000007b8800000)
  from space 60416K, 71% used [0x00000007bc500000,0x00000007beefc360,0x00000007c0000000)
  to   space 61440K, 0% used [0x00000007b8800000,0x00000007b8800000,0x00000007bc400000)
 ParOldGen       total 226304K, used 149047K [0x00000006c8200000, 0x00000006d5f00000, 0x000000076d600000)
  object space 226304K, 65% used [0x00000006c8200000,0x00000006d138dd60,0x00000006d5f00000)
 Metaspace       used 56569K, capacity 60824K, committed 60968K, reserved 1103872K
  class space    used 6378K, capacity 7168K, committed 7208K, reserved 1048576K
Event: 202,234 GC heap after
Heap after GC invocations=330 (full 3):
 PSYoungGen      total 1276928K, used 45889K [0x000000076d600000, 0x00000007c0000000, 0x00000007c0000000)
  eden space 1230848K, 0% used [0x000000076d600000,0x000000076d600000,0x00000007b8800000)
  from space 46080K, 99% used [0x00000007b8800000,0x00000007bb4d0480,0x00000007bb500000)
  to   space 62976K, 0% used [0x00000007bc280000,0x00000007bc280000,0x00000007c0000000)
 ParOldGen       total 226304K, used 151303K [0x00000006c8200000, 0x00000006d5f00000, 0x000000076d600000)
  object space 226304K, 66% used [0x00000006c8200000,0x00000006d15c1d60,0x00000006d5f00000)
 Metaspace       used 56569K, capacity 60824K, committed 60968K, reserved 1103872K
  class space    used 6378K, capacity 7168K, committed 7208K, reserved 1048576K
}
Event: 203,026 GC heap before
{Heap before GC invocations=331 (full 3):
 PSYoungGen      total 1276928K, used 1276737K [0x000000076d600000, 0x00000007c0000000, 0x00000007c0000000)
  eden space 1230848K, 100% used [0x000000076d600000,0x00000007b8800000,0x00000007b8800000)
  from space 46080K, 99% used [0x00000007b8800000,0x00000007bb4d0480,0x00000007bb500000)
  to   space 62976K, 0% used [0x00000007bc280000,0x00000007bc280000,0x00000007c0000000)
 ParOldGen       total 226304K, used 151303K [0x00000006c8200000, 0x00000006d5f00000, 0x000000076d600000)
  object space 226304K, 66% used [0x00000006c8200000,0x00000006d15c1d60,0x00000006d5f00000)
 Metaspace       used 56577K, capacity 60824K, committed 60968K, reserved 1103872K
  class space    used 6378K, capacity 7168K, committed 7208K, reserved 1048576K
Event: 203,039 GC heap after
Heap after GC invocations=331 (full 3):
 PSYoungGen      total 1291264K, used 41040K [0x000000076d600000, 0x00000007c0000000, 0x00000007c0000000)
  eden space 1228288K, 0% used [0x000000076d600000,0x000000076d600000,0x00000007b8580000)
  from space 62976K, 65% used [0x00000007bc280000,0x00000007bea94120,0x00000007c0000000)
  to   space 62464K, 0% used [0x00000007b8580000,0x00000007b8580000,0x00000007bc280000)
 ParOldGen       total 226304K, used 154159K [0x00000006c8200000, 0x00000006d5f00000, 0x000000076d600000)
  object space 226304K, 68% used [0x00000006c8200000,0x00000006d188bd60,0x00000006d5f00000)
 Metaspace       used 56577K, capacity 60824K, committed 60968K, reserved 1103872K
  class space    used 6378K, capacity 7168K, committed 7208K, reserved 1048576K
}
Event: 203,693 GC heap before
{Heap before GC invocations=332 (full 3):
 PSYoungGen      total 1291264K, used 1269328K [0x000000076d600000, 0x00000007c0000000, 0x00000007c0000000)
  eden space 1228288K, 100% used [0x000000076d600000,0x00000007b8580000,0x00000007b8580000)
  from space 62976K, 65% used [0x00000007bc280000,0x00000007bea94120,0x00000007c0000000)
  to   space 62464K, 0% used [0x00000007b8580000,0x00000007b8580000,0x00000007bc280000)
 ParOldGen       total 226304K, used 154159K [0x00000006c8200000, 0x00000006d5f00000, 0x000000076d600000)
  object space 226304K, 68% used [0x00000006c8200000,0x00000006d188bd60,0x00000006d5f00000)
 Metaspace       used 56589K, capacity 60888K, committed 60968K, reserved 1103872K
  class space    used 6378K, capacity 7168K, committed 7208K, reserved 1048576K
Event: 203,709 GC heap after
Heap after GC invocations=332 (full 3):
 PSYoungGen      total 1269760K, used 41136K [0x000000076d600000, 0x00000007bfe80000, 0x00000007c0000000)
  eden space 1228288K, 0% used [0x000000076d600000,0x000000076d600000,0x00000007b8580000)
  from space 41472K, 99% used [0x00000007b8580000,0x00000007badac360,0x00000007bae00000)
  to   space 61952K, 0% used [0x00000007bc200000,0x00000007bc200000,0x00000007bfe80000)
 ParOldGen       total 226304K, used 157327K [0x00000006c8200000, 0x00000006d5f00000, 0x000000076d600000)
  object space 226304K, 69% used [0x00000006c8200000,0x00000006d1ba3d60,0x00000006d5f00000)
 Metaspace       used 56589K, capacity 60888K, committed 60968K, reserved 1103872K
  class space    used 6378K, capacity 7168K, committed 7208K, reserved 1048576K
}

